# JRE version: OpenJDK Runtime Environment Temurin-21.0.10+7 (21.0.10+7) (build 21.0.10+7-LTS)
# Java VM: OpenJDK 64-Bit Server VM Temurin-21.0.10+7 (21.0.10+7-LTS, mixed mode, sharing, tiered, compressed oops, compressed class ptrs, g1 gc, windows-amd64)
GC Precious Log:
 CardTable entry size: 512
 Card Set container configuration: InlinePtr #cards 5 size 8 Array Of Cards #cards 12 size 40 Howl #buckets 4 coarsen threshold 1843 Howl Bitmap #cards 512 size 80 coarsen threshold 460 Card regions per heap region 1 cards per card region 2048
 CPUs: 16 total, 16 available
 Memory: 7362M
 Large Page Support: Disabled
 NUMA Support: Disabled
 Compressed Oops: Enabled (32-bit)
 Heap Region Size: 1M
 Heap Min Capacity: 8M
 Heap Initial Capacity: 116M
 Heap Max Capacity: 1842M
 Pre-touch: Disabled
 Parallel Workers: 13
 Concurrent Workers: 3
 Concurrent Refinement Workers: 13
 Periodic GC: Disabled
Heap:
 garbage-first heap   total 190464K, used 71887K [0x000000008ce00000, 0x0000000100000000)
  region size 1024K, 4 young (4096K), 4 survivors (4096K)
 Metaspace       used 81135K, committed 82368K, reserved 1179648K
  class space    used 9028K, committed 9600K, reserved 1048576K
GC Heap History (20 events):
Event: 16.966 GC heap after
{Heap after GC invocations=22 (full 0):
 garbage-first heap   total 118784K, used 62073K [0x000000008ce00000, 0x0000000100000000)
  region size 1024K, 4 young (4096K), 4 survivors (4096K)
 Metaspace       used 62749K, committed 63744K, reserved 1114112K
  class space    used 6902K, committed 7360K, reserved 1048576K
}
Event: 17.332 GC heap before
{Heap before GC invocations=22 (full 0):
 garbage-first heap   total 118784K, used 106105K [0x000000008ce00000, 0x0000000100000000)
  region size 1024K, 47 young (48128K), 4 survivors (4096K)
 Metaspace       used 64219K, committed 65216K, reserved 1114112K
  class space    used 7141K, committed 7616K, reserved 1048576K
}
Event: 17.335 GC heap after
{Heap after GC invocations=23 (full 0):
 garbage-first heap   total 118784K, used 67547K [0x000000008ce00000, 0x0000000100000000)
  region size 1024K, 6 young (6144K), 6 survivors (6144K)
 Metaspace       used 64219K, committed 65216K, reserved 1114112K
  class space    used 7141K, committed 7616K, reserved 1048576K
}
Event: 22.914 GC heap before
{Heap before GC invocations=24 (full 0):
 garbage-first heap   total 118784K, used 105435K [0x000000008ce00000, 0x0000000100000000)
  region size 1024K, 43 young (44032K), 6 survivors (6144K)
 Metaspace       used 74416K, committed 75584K, reserved 1179648K
  class space    used 8205K, committed 8768K, reserved 1048576K
}
Event: 22.918 GC heap after
{Heap after GC invocations=25 (full 0):
 garbage-first heap   total 118784K, used 70501K [0x000000008ce00000, 0x0000000100000000)
  region size 1024K, 3 young (3072K), 3 survivors (3072K)
 Metaspace       used 74416K, committed 75584K, reserved 1179648K
  class space    used 8205K, committed 8768K, reserved 1048576K
}
Event: 23.880 GC heap before
{Heap before GC invocations=25 (full 0):
 garbage-first heap   total 118784K, used 107365K [0x000000008ce00000, 0x0000000100000000)
  region size 1024K, 39 young (39936K), 3 survivors (3072K)
 Metaspace       used 80709K, committed 81920K, reserved 1179648K
  class space    used 9013K, committed 9600K, reserved 1048576K
}
Event: 23.885 GC heap after
{Heap after GC invocations=26 (full 0):
 garbage-first heap   total 118784K, used 71744K [0x000000008ce00000, 0x0000000100000000)
  region size 1024K, 3 young (3072K), 3 survivors (3072K)
 Metaspace       used 80709K, committed 81920K, reserved 1179648K
  class space    used 9013K, committed 9600K, reserved 1048576K
}
Event: 26.193 GC heap before
{Heap before GC invocations=26 (full 0):
 garbage-first heap   total 118784K, used 92224K [0x000000008ce00000, 0x0000000100000000)
  region size 1024K, 24 young (24576K), 3 survivors (3072K)
 Metaspace       used 80840K, committed 82048K, reserved 1179648K
  class space    used 9015K, committed 9600K, reserved 1048576K
}
Event: 26.196 GC heap after
{Heap after GC invocations=27 (full 0):
 garbage-first heap   total 118784K, used 73717K [0x000000008ce00000, 0x0000000100000000)
  region size 1024K, 5 young (5120K), 5 survivors (5120K)
 Metaspace       used 80840K, committed 82048K, reserved 1179648K
  class space    used 9015K, committed 9600K, reserved 1048576K
}
Event: 55.176 GC heap before
{Heap before GC invocations=28 (full 0):
 garbage-first heap   total 132096K, used 126965K [0x000000008ce00000, 0x0000000100000000)
  region size 1024K, 39 young (39936K), 5 survivors (5120K)
 Metaspace       used 81081K, committed 82240K, reserved 1179648K
  class space    used 9024K, committed 9600K, reserved 1048576K
}
Event: 55.249 GC heap after
{Heap after GC invocations=29 (full 0):
 garbage-first heap   total 172032K, used 73672K [0x000000008ce00000, 0x0000000100000000)
  region size 1024K, 3 young (3072K), 3 survivors (3072K)
 Metaspace       used 81081K, committed 82240K, reserved 1179648K
  class space    used 9024K, committed 9600K, reserved 1048576K
}
Event: 55.731 GC heap before
{Heap before GC invocations=29 (full 0):
 garbage-first heap   total 172032K, used 169928K [0x000000008ce00000, 0x0000000100000000)
  region size 1024K, 53 young (54272K), 3 survivors (3072K)
 Metaspace       used 81098K, committed 82240K, reserved 1179648K
  class space    used 9027K, committed 9600K, reserved 1048576K
}
Event: 55.746 GC heap after
{Heap after GC invocations=30 (full 0):
 garbage-first heap   total 177152K, used 72199K [0x000000008ce00000, 0x0000000100000000)
  region size 1024K, 4 young (4096K), 4 survivors (4096K)
 Metaspace       used 81098K, committed 82240K, reserved 1179648K
  class space    used 9027K, committed 9600K, reserved 1048576K
}
Event: 55.748 GC heap before
{Heap before GC invocations=30 (full 0):
 garbage-first heap   total 177152K, used 72199K [0x000000008ce00000, 0x0000000100000000)
  region size 1024K, 5 young (5120K), 4 survivors (4096K)
 Metaspace       used 81100K, committed 82240K, reserved 1179648K
  class space    used 9027K, committed 9600K, reserved 1048576K
}
Event: 55.796 GC heap after
{Heap after GC invocations=31 (full 0):
 garbage-first heap   total 177152K, used 71894K [0x000000008ce00000, 0x0000000100000000)
  region size 1024K, 4 young (4096K), 4 survivors (4096K)
 Metaspace       used 81100K, committed 82240K, reserved 1179648K
  class space    used 9027K, committed 9600K, reserved 1048576K
}
Event: 55.982 GC heap before
{Heap before GC invocations=31 (full 0):
 garbage-first heap   total 177152K, used 174294K [0x000000008ce00000, 0x0000000100000000)
  region size 1024K, 57 young (58368K), 4 survivors (4096K)
 Metaspace       used 81113K, committed 82240K, reserved 1179648K
  class space    used 9028K, committed 9600K, reserved 1048576K
}
Event: 55.989 GC heap after
{Heap after GC invocations=32 (full 0):
 garbage-first heap   total 181248K, used 72502K [0x000000008ce00000, 0x0000000100000000)
  region size 1024K, 4 young (4096K), 4 survivors (4096K)
 Metaspace       used 81113K, committed 82240K, reserved 1179648K
  class space    used 9028K, committed 9600K, reserved 1048576K
}
Event: 56.217 GC heap before
{Heap before GC invocations=32 (full 0):
 garbage-first heap   total 182272K, used 180022K [0x000000008ce00000, 0x0000000100000000)
  region size 1024K, 60 young (61440K), 4 survivors (4096K)
 Metaspace       used 81125K, committed 82304K, reserved 1179648K
  class space    used 9028K, committed 9600K, reserved 1048576K
}
Event: 56.222 GC heap after
{Heap after GC invocations=33 (full 0):
 garbage-first heap   total 186368K, used 71890K [0x000000008ce00000, 0x0000000100000000)
  region size 1024K, 4 young (4096K), 4 survivors (4096K)
 Metaspace       used 81125K, committed 82304K, reserved 1179648K
  class space    used 9028K, committed 9600K, reserved 1048576K
}
Event: 56.402 GC heap before
{Heap before GC invocations=33 (full 0):
 garbage-first heap   total 186368K, used 183506K [0x000000008ce00000, 0x0000000100000000)
  region size 1024K, 62 young (63488K), 4 survivors (4096K)
 Metaspace       used 81135K, committed 82368K, reserved 1179648K
  class space    used 9028K, committed 9600K, reserved 1048576K
}

